31812784.0 32420136.0 31811074.0 32418640.0 3.759315
31813094.0 32368120.0 31811360.0 32366618.0 3.799153
31481076.0 32788208.0 31479360.0 32786700.0 3.786524
31475224.0 32529868.0 31473498.0 32528360.0 3.798658
31483136.0 32349864.0 31480948.0 32347904.0 4.865456
31480848.0 32324508.0 31478676.0 32322544.0 4.858044
31477564.0 31994488.0 31475372.0 31992516.0 4.882719
31479976.0 31895376.0 31478240.0 31893848.0 3.830094
31813080.0 31876638.0 31811350.0 31875112.0 3.821681
31809770.0 32207612.0 31808044.0 32206102.0 3.798392
31474676.0 31891448.0 31472956.0 31889932.0 3.798391
31476512.0 31893188.0 31474784.0 31891680.0 3.796169
31477804.0 33037220.0 31476104.0 33035732.0 3.744202
31480132.0 32335488.0 31477920.0 32333500.0 4.933377
31479416.0 32214884.0 31477716.0 32213384.0 3.754337
31477828.0 32107454.0 31475680.0 32105404.0 4.928337
31478208.0 32388710.0 31476536.0 32387136.0 3.805469
31813706.0 32633764.0 31811584.0 32631734.0 4.871454
31811550.0 32537156.0 31809874.0 32535586.0 3.808768
31478062.0 32452844.0 31476396.0 32451282.0 3.786958
31477814.0 32541080.0 31475724.0 32539082.0 4.796813
31475168.0 31892534.0 31473496.0 31890976.0 3.785953
31477042.0 32144626.0 31475372.0 32143054.0 3.803880
31480476.0 31891842.0 31478794.0 31890276.0 3.812941
31730116.0 32797744.0 31727976.0 32795708.0 4.897835
31812532.0 32208420.0 31810444.0 32206412.0 4.804946
31811904.0 31893690.0 31809744.0 31891648.0 4.932396
31477272.0 32373098.0 31475766.0 32371688.0 3.419529
31475726.0 33386004.0 31474058.0 33384434.0 3.802506
31479480.0 32313018.0 31477976.0 32311624.0 3.404403
31476420.0 33055596.0 31474752.0 33054014.0 3.820362
31810430.0 32546944.0 31808264.0 32544894.0 4.942011
31476932.0 32379698.0 31474772.0 32377660.0 4.928011
31479896.0 32711976.0 31478388.0 32710568.0 3.422547
31817588.0 32497320.0 31815928.0 32495756.0 3.780381
31478012.0 32677636.0 31475852.0 32675586.0 4.935846
31479300.0 32408050.0 31477156.0 32406016.0 4.910582
31479588.0 32506624.0 31477912.0 32505052.0 3.810582
31478300.0 32175624.0 31476624.0 32174052.0 3.811582
31477364.0 32546048.0 31475864.0 32544652.0 3.398834
31480300.0 32230454.0 31478638.0 32228884.0 3.789834
31480456.0 32380272.0 31478340.0 32378232.0 4.874834
31823152.0 32390284.0 31821068.0 32388304.0 4.766834
31481542.0 32487224.0 31479408.0 32485178.0 4.902834
31809300.0 31888492.0 31807812.0 31887084.0 3.399296
31662744.0 32183180.0 31661066.0 32181608.0 3.813071
31479048.0 32384816.0 31477376.0 32383228.0 3.827497
31818042.0 32806076.0 31815904.0 32804038.0 4.901150
31482248.0 32437236.0 31480762.0 32435838.0 3.388890
31481612.0 32241452.0 31479948.0 32239860.0 3.820890
31816446.0 32093438.0 31814300.0 32091394.0 4.915141
31818176.0 32371780.0 31816020.0 32369728.0 4.937141
31481348.0 32634234.0 31479828.0 32632828.0 3.436141
31485280.0 33294004.0 31483620.0 33292448.0 3.776790
